<?xml version="1.0" encoding="UTF-8" ?>
<testsuite failures="0" time="15.839" errors="0" skipped="0" tests="8" name="org.kumakros.forge.plugin.navigation.MarkTest">
  <properties>
    <property name="java.runtime.name" value="Java(TM) SE Runtime Environment"/>
    <property name="sun.boot.library.path" value="/usr/lib/jvm/jdk1.6.0_29/jre/lib/i386"/>
    <property name="java.vm.version" value="20.4-b02"/>
    <property name="jline.terminal" value="none"/>
    <property name="java.vm.vendor" value="Sun Microsystems Inc."/>
    <property name="java.vendor.url" value="http://java.sun.com/"/>
    <property name="path.separator" value=":"/>
    <property name="guice.disable.misplaced.annotation.check" value="true"/>
    <property name="java.vm.name" value="Java HotSpot(TM) Server VM"/>
    <property name="file.encoding.pkg" value="sun.io"/>
    <property name="user.country" value="US"/>
    <property name="sun.java.launcher" value="SUN_STANDARD"/>
    <property name="sun.os.patch.level" value="unknown"/>
    <property name="java.vm.specification.name" value="Java Virtual Machine Specification"/>
    <property name="user.dir" value="/proyectos/lab/java/forge/navigation"/>
    <property name="java.runtime.version" value="1.6.0_29-b11"/>
    <property name="java.awt.graphicsenv" value="sun.awt.X11GraphicsEnvironment"/>
    <property name="basedir" value="/proyectos/lab/java/forge/navigation"/>
    <property name="java.endorsed.dirs" value="/usr/lib/jvm/jdk1.6.0_29/jre/lib/endorsed"/>
    <property name="os.arch" value="i386"/>
    <property name="surefire.real.class.path" value="/proyectos/lab/java/forge/navigation/target/surefire/surefirebooter5411471423906110695.jar"/>
    <property name="java.io.tmpdir" value="/tmp"/>
    <property name="line.separator" value="
"/>
    <property name="java.vm.specification.vendor" value="Sun Microsystems Inc."/>
    <property name="os.name" value="Linux"/>
    <property name="sun.jnu.encoding" value="UTF-8"/>
    <property name="java.library.path" value="/usr/lib/jvm/jdk1.6.0_29/jre/lib/i386/server:/usr/lib/jvm/jdk1.6.0_29/jre/lib/i386:/usr/lib/jvm/jdk1.6.0_29/jre/../lib/i386:/usr/java/packages/lib/i386:/lib:/usr/lib"/>
    <property name="surefire.test.class.path" value="/proyectos/lab/java/forge/navigation/target/test-classes:/proyectos/lab/java/forge/navigation/target/classes:/home/development/.m2/repository/javax/enterprise/cdi-api/1.0-SP4/cdi-api-1.0-SP4.jar:/home/development/.m2/repository/org/jboss/spec/javax/interceptor/jboss-interceptors-api_1.1_spec/1.0.0.Final/jboss-interceptors-api_1.1_spec-1.0.0.Final.jar:/home/development/.m2/repository/javax/inject/javax.inject/1/javax.inject-1.jar:/home/development/.m2/repository/org/jboss/spec/javax/annotation/jboss-annotations-api_1.1_spec/1.0.0.Final/jboss-annotations-api_1.1_spec-1.0.0.Final.jar:/home/development/.m2/repository/org/jboss/forge/forge-shell-api/1.0.0.Beta5/forge-shell-api-1.0.0.Beta5.jar:/home/development/.m2/repository/org/jboss/forge/forge-parser-java-api/1.0.0.Beta5/forge-parser-java-api-1.0.0.Beta5.jar:/home/development/.m2/repository/org/jboss/forge/forge-parser-xml/1.0.0.Beta5/forge-parser-xml-1.0.0.Beta5.jar:/home/development/.m2/repository/org/jboss/forge/forge-event-bus/1.0.0.Beta5/forge-event-bus-1.0.0.Beta5.jar:/home/development/.m2/repository/org/jboss/solder/solder-impl/3.1.0.Beta5/solder-impl-3.1.0.Beta5.jar:/home/development/.m2/repository/org/jboss/solder/solder-api/3.1.0.Beta5/solder-api-3.1.0.Beta5.jar:/home/development/.m2/repository/org/jboss/solder/solder-logging/3.1.0.Beta5/solder-logging-3.1.0.Beta5.jar:/home/development/.m2/repository/org/jboss/forge/forge-test-harness/1.0.0.Beta5/forge-test-harness-1.0.0.Beta5.jar:/home/development/.m2/repository/junit/junit/4.8.1/junit-4.8.1.jar:/home/development/.m2/repository/org/jboss/arquillian/arquillian-junit/1.0.0.Alpha4/arquillian-junit-1.0.0.Alpha4.jar:/home/development/.m2/repository/org/jboss/arquillian/arquillian-impl-base/1.0.0.Alpha4/arquillian-impl-base-1.0.0.Alpha4.jar:/home/development/.m2/repository/org/jboss/arquillian/arquillian-api/1.0.0.Alpha4/arquillian-api-1.0.0.Alpha4.jar:/home/development/.m2/repository/org/jboss/shrinkwrap/shrinkwrap-impl-base/1.0.0-alpha-11/shrinkwrap-impl-base-1.0.0-alpha-11.jar:/home/development/.m2/repository/org/jboss/shrinkwrap/shrinkwrap-spi/1.0.0-alpha-11/shrinkwrap-spi-1.0.0-alpha-11.jar:/home/development/.m2/repository/org/jboss/spec/javax/resource/jboss-connector-api_1.5_spec/1.0.0.Final/jboss-connector-api_1.5_spec-1.0.0.Final.jar:/home/development/.m2/repository/org/jboss/spec/javax/ejb/jboss-ejb-api_3.1_spec/1.0.1.Final/jboss-ejb-api_3.1_spec-1.0.1.Final.jar:/home/development/.m2/repository/org/jboss/spec/javax/el/jboss-el-api_2.2_spec/1.0.0.Final/jboss-el-api_2.2_spec-1.0.0.Final.jar:/home/development/.m2/repository/org/jboss/spec/javax/security/jacc/jboss-jacc-api_1.4_spec/1.0.0.Final/jboss-jacc-api_1.4_spec-1.0.0.Final.jar:/home/development/.m2/repository/org/jboss/spec/javax/enterprise/deploy/jboss-jad-api_1.2_spec/1.0.0.Final/jboss-jad-api_1.2_spec-1.0.0.Final.jar:/home/development/.m2/repository/org/jboss/spec/javax/security/auth/message/jboss-jaspi-api_1.0_spec/1.0.0.Final/jboss-jaspi-api_1.0_spec-1.0.0.Final.jar:/home/development/.m2/repository/org/jboss/spec/javax/xml/registry/jboss-jaxr-api_1.0_spec/1.0.0.Final/jboss-jaxr-api_1.0_spec-1.0.0.Final.jar:/home/development/.m2/repository/org/jboss/spec/javax/jms/jboss-jms-api_1.1_spec/1.0.0.Final/jboss-jms-api_1.1_spec-1.0.0.Final.jar:/home/development/.m2/repository/org/jboss/spec/javax/servlet/jsp/jboss-jsp-api_2.2_spec/1.0.0.Final/jboss-jsp-api_2.2_spec-1.0.0.Final.jar:/home/development/.m2/repository/org/jboss/spec/javax/servlet/jboss-servlet-api_3.0_spec/1.0.0.Final/jboss-servlet-api_3.0_spec-1.0.0.Final.jar:/home/development/.m2/repository/org/jboss/spec/javax/transaction/jboss-transaction-api_1.1_spec/1.0.0.Final/jboss-transaction-api_1.1_spec-1.0.0.Final.jar:/home/development/.m2/repository/org/jboss/spec/javax/xml/bind/jboss-jaxb-api_2.2_spec/1.0.2.Final/jboss-jaxb-api_2.2_spec-1.0.2.Final.jar:/home/development/.m2/repository/org/jboss/spec/javax/xml/rpc/jboss-jaxrpc-api_1.1_spec/1.0.0.Final/jboss-jaxrpc-api_1.1_spec-1.0.0.Final.jar:/home/development/.m2/repository/org/jboss/spec/javax/xml/soap/jboss-saaj-api_1.3_spec/1.0.1.Final/jboss-saaj-api_1.3_spec-1.0.1.Final.jar:/home/development/.m2/repository/org/jboss/spec/javax/xml/ws/jboss-jaxws-api_2.2_spec/2.0.0.Final/jboss-jaxws-api_2.2_spec-2.0.0.Final.jar:/home/development/.m2/repository/javax/activation/activation/1.1/activation-1.1.jar:/home/development/.m2/repository/com/sun/faces/jsf-api/2.0.3-b05/jsf-api-2.0.3-b05.jar:/home/development/.m2/repository/javax/jws/jsr181-api/1.0-MR1/jsr181-api-1.0-MR1.jar:/home/development/.m2/repository/javax/mail/mail/1.4.4/mail-1.4.4.jar:/home/development/.m2/repository/javax/servlet/jstl/1.2/jstl-1.2.jar:/home/development/.m2/repository/org/hibernate/javax/persistence/hibernate-jpa-2.0-api/1.0.1.Final/hibernate-jpa-2.0-api-1.0.1.Final.jar:/home/development/.m2/repository/org/jboss/resteasy/jaxrs-api/2.1.0.GA/jaxrs-api-2.1.0.GA.jar:/home/development/.m2/repository/stax/stax-api/1.0.1/stax-api-1.0.1.jar:/home/development/.m2/repository/javax/validation/validation-api/1.0.0.GA/validation-api-1.0.0.GA.jar:/home/development/.m2/repository/org/jboss/shrinkwrap/shrinkwrap-api/1.0.0-alpha-11/shrinkwrap-api-1.0.0-alpha-11.jar:/home/development/.m2/repository/javax/el/el-api/2.2/el-api-2.2.jar:/home/development/.m2/repository/org/jboss/weld/arquillian/container/arquillian-weld-ee-embedded-1.1/1.1.2.Final/arquillian-weld-ee-embedded-1.1-1.1.2.Final.jar:/home/development/.m2/repository/org/jboss/arquillian/arquillian-spi/1.0.0.Alpha4/arquillian-spi-1.0.0.Alpha4.jar:/home/development/.m2/repository/org/jboss/arquillian/protocol/arquillian-protocol-local/1.0.0.Alpha4/arquillian-protocol-local-1.0.0.Alpha4.jar:/home/development/.m2/repository/org/jboss/arquillian/testenricher/arquillian-testenricher-cdi/1.0.0.Alpha4/arquillian-testenricher-cdi-1.0.0.Alpha4.jar:/home/development/.m2/repository/org/jboss/shrinkwrap/shrinkwrap-extension-classloader/1.0.0-alpha-11/shrinkwrap-extension-classloader-1.0.0-alpha-11.jar:/home/development/.m2/repository/org/jboss/weld/weld-api/1.1.Beta2/weld-api-1.1.Beta2.jar:/home/development/.m2/repository/org/slf4j/slf4j-api/1.5.10/slf4j-api-1.5.10.jar:/home/development/.m2/repository/org/slf4j/slf4j-log4j12/1.5.10/slf4j-log4j12-1.5.10.jar:/home/development/.m2/repository/log4j/log4j/1.2.16/log4j-1.2.16.jar:/home/development/.m2/repository/ch/qos/cal10n/cal10n-api/0.7.2/cal10n-api-0.7.2.jar:/home/development/.m2/repository/org/jboss/forge/forge-shell/1.0.0.Beta5/forge-shell-1.0.0.Beta5.jar:/home/development/.m2/repository/org/jboss/forge/forge-project-model-maven/1.0.0.Beta5/forge-project-model-maven-1.0.0.Beta5.jar:/home/development/.m2/repository/org/jboss/forge/forge-maven-api/1.0.0.Beta5/forge-maven-api-1.0.0.Beta5.jar:/home/development/.m2/repository/org/apache/maven/maven-core/3.0.3/maven-core-3.0.3.jar:/home/development/.m2/repository/org/apache/maven/maven-settings-builder/3.0.3/maven-settings-builder-3.0.3.jar:/home/development/.m2/repository/org/apache/maven/maven-model/3.0.3/maven-model-3.0.3.jar:/home/development/.m2/repository/org/apache/maven/maven-embedder/3.0.3/maven-embedder-3.0.3.jar:/home/development/.m2/repository/org/apache/maven/maven-settings/3.0.3/maven-settings-3.0.3.jar:/home/development/.m2/repository/org/apache/maven/maven-plugin-api/3.0.3/maven-plugin-api-3.0.3.jar:/home/development/.m2/repository/org/apache/maven/maven-model-builder/3.0.3/maven-model-builder-3.0.3.jar:/home/development/.m2/repository/org/codehaus/plexus/plexus-utils/2.0.6/plexus-utils-2.0.6.jar:/home/development/.m2/repository/org/codehaus/plexus/plexus-classworlds/2.4/plexus-classworlds-2.4.jar:/home/development/.m2/repository/org/sonatype/sisu/sisu-inject-plexus/2.1.1/sisu-inject-plexus-2.1.1.jar:/home/development/.m2/repository/org/sonatype/sisu/sisu-inject-bean/2.1.1/sisu-inject-bean-2.1.1.jar:/home/development/.m2/repository/org/sonatype/sisu/sisu-guice/2.9.4/sisu-guice-2.9.4-no_aop.jar:/home/development/.m2/repository/org/codehaus/plexus/plexus-component-annotations/1.5.5/plexus-component-annotations-1.5.5.jar:/home/development/.m2/repository/org/sonatype/plexus/plexus-sec-dispatcher/1.3/plexus-sec-dispatcher-1.3.jar:/home/development/.m2/repository/org/sonatype/plexus/plexus-cipher/1.4/plexus-cipher-1.4.jar:/home/development/.m2/repository/commons-cli/commons-cli/1.2/commons-cli-1.2.jar:/home/development/.m2/repository/org/apache/maven/maven-compat/3.0.3/maven-compat-3.0.3.jar:/home/development/.m2/repository/org/apache/maven/maven-artifact/3.0.3/maven-artifact-3.0.3.jar:/home/development/.m2/repository/org/codehaus/plexus/plexus-interpolation/1.14/plexus-interpolation-1.14.jar:/home/development/.m2/repository/org/apache/maven/wagon/wagon-provider-api/1.0-beta-7/wagon-provider-api-1.0-beta-7.jar:/home/development/.m2/repository/org/apache/maven/maven-aether-provider/3.0.3/maven-aether-provider-3.0.3.jar:/home/development/.m2/repository/org/apache/maven/maven-repository-metadata/3.0.3/maven-repository-metadata-3.0.3.jar:/home/development/.m2/repository/org/sonatype/aether/aether-spi/1.11/aether-spi-1.11.jar:/home/development/.m2/repository/org/sonatype/aether/aether-api/1.11/aether-api-1.11.jar:/home/development/.m2/repository/org/sonatype/aether/aether-util/1.11/aether-util-1.11.jar:/home/development/.m2/repository/org/sonatype/aether/aether-impl/1.11/aether-impl-1.11.jar:/home/development/.m2/repository/org/sonatype/aether/aether-connector-wagon/1.11/aether-connector-wagon-1.11.jar:/home/development/.m2/repository/org/apache/maven/wagon/wagon-file/2.0/wagon-file-2.0.jar:/home/development/.m2/repository/org/apache/maven/wagon/wagon-http-lightweight/2.0/wagon-http-lightweight-2.0.jar:/home/development/.m2/repository/org/apache/maven/wagon/wagon-http-shared4/2.0/wagon-http-shared4-2.0.jar:/home/development/.m2/repository/org/jsoup/jsoup/1.6.1/jsoup-1.6.1.jar:/home/development/.m2/repository/commons-io/commons-io/2.0.1/commons-io-2.0.1.jar:/home/development/.m2/repository/org/jboss/forge/forge-parser-java/1.0.0.Beta5/forge-parser-java-1.0.0.Beta5.jar:/home/development/.m2/repository/org/eclipse/jdt/core/3.3.0-v_771/core-3.3.0-v_771.jar:/home/development/.m2/repository/org/eclipse/core/resources/3.3.0-v20070604/resources-3.3.0-v20070604.jar:/home/development/.m2/repository/org/eclipse/core/runtime/3.3.100-v20070530/runtime-3.3.100-v20070530.jar:/home/development/.m2/repository/org/eclipse/osgi/3.4.3.R34x_v20081215-1030/osgi-3.4.3.R34x_v20081215-1030.jar:/home/development/.m2/repository/org/eclipse/equinox/common/3.3.0-v20070426/common-3.3.0-v20070426.jar:/home/development/.m2/repository/org/eclipse/core/jobs/3.3.0-v20070423/jobs-3.3.0-v20070423.jar:/home/development/.m2/repository/org/eclipse/equinox/preferences/3.2.100-v20070522/preferences-3.2.100-v20070522.jar:/home/development/.m2/repository/org/eclipse/core/contenttype/3.2.100-v20070319/contenttype-3.2.100-v20070319.jar:/home/development/.m2/repository/org/eclipse/text/3.3.0-v20070606-0010/text-3.3.0-v20070606-0010.jar:/home/development/.m2/repository/org/jboss/forge/forge-git-tools/1.0.0.Beta5/forge-git-tools-1.0.0.Beta5.jar:/home/development/.m2/repository/org/eclipse/jgit/org.eclipse.jgit.pgm/0.10.1/org.eclipse.jgit.pgm-0.10.1.jar:/home/development/.m2/repository/args4j/args4j/2.0.12/args4j-2.0.12.jar:/home/development/.m2/repository/org/eclipse/jgit/org.eclipse.jgit/0.10.1/org.eclipse.jgit-0.10.1.jar:/home/development/.m2/repository/com/jcraft/jsch/0.1.41/jsch-0.1.41.jar:/home/development/.m2/repository/org/eclipse/jgit/org.eclipse.jgit.iplog/0.10.1/org.eclipse.jgit.iplog-0.10.1.jar:/home/development/.m2/repository/org/eclipse/jgit/org.eclipse.jgit.ui/0.10.1/org.eclipse.jgit.ui-0.10.1.jar:/home/development/.m2/repository/org/eclipse/jgit/org.eclipse.jgit.console/0.10.1/org.eclipse.jgit.console-0.10.1.jar:/home/development/.m2/repository/org/jboss/modules/jboss-modules/1.0.2.GA/jboss-modules-1.0.2.GA.jar:/home/development/.m2/repository/org/jboss/weld/se/weld-se-core/1.1.2.Final/weld-se-core-1.1.2.Final.jar:/home/development/.m2/repository/org/jboss/weld/weld-spi/1.1.Beta2/weld-spi-1.1.Beta2.jar:/home/development/.m2/repository/javax/annotation/jsr250-api/1.0/jsr250-api-1.0.jar:/home/development/.m2/repository/org/jboss/weld/weld-core/1.1.2.Final/weld-core-1.1.2.Final.jar:/home/development/.m2/repository/org/javassist/javassist/3.14.0-GA/javassist-3.14.0-GA.jar:/home/development/.m2/repository/com/google/guava/guava/r06/guava-r06.jar:/home/development/.m2/repository/org/jboss/interceptor/jboss-interceptor-spi/2.0.0.CR1/jboss-interceptor-spi-2.0.0.CR1.jar:/home/development/.m2/repository/org/jboss/interceptor/jboss-interceptor-core/2.0.0.CR1/jboss-interceptor-core-2.0.0.CR1.jar:/home/development/.m2/repository/org/slf4j/slf4j-ext/1.5.10/slf4j-ext-1.5.10.jar:/home/development/.m2/repository/org/jboss/logmanager/jboss-logmanager/1.2.0.GA/jboss-logmanager-1.2.0.GA.jar:/home/development/.m2/repository/org/sonatype/jline/jline/2.5/jline-2.5.jar:/home/development/.m2/repository/org/fusesource/jansi/jansi/1.5/jansi-1.5.jar:/home/development/.m2/repository/org/mvel/mvel2/2.1.Beta7/mvel2-2.1.Beta7.jar:/home/development/.m2/repository/commons-configuration/commons-configuration/1.7/commons-configuration-1.7.jar:/home/development/.m2/repository/commons-collections/commons-collections/3.2.1/commons-collections-3.2.1.jar:/home/development/.m2/repository/commons-lang/commons-lang/2.6/commons-lang-2.6.jar:/home/development/.m2/repository/commons-logging/commons-logging/1.1.1/commons-logging-1.1.1.jar:/home/development/.m2/repository/commons-digester/commons-digester/1.8.1/commons-digester-1.8.1.jar:/home/development/.m2/repository/commons-beanutils/commons-beanutils/1.8.3/commons-beanutils-1.8.3.jar:/home/development/.m2/repository/org/apache/httpcomponents/httpclient/4.0.1/httpclient-4.0.1.jar:/home/development/.m2/repository/org/apache/httpcomponents/httpcore/4.0.1/httpcore-4.0.1.jar:/home/development/.m2/repository/commons-codec/commons-codec/1.3/commons-codec-1.3.jar:/home/development/.m2/repository/org/yaml/snakeyaml/1.7/snakeyaml-1.7.jar:"/>
    <property name="java.specification.name" value="Java Platform API Specification"/>
    <property name="java.class.version" value="50.0"/>
    <property name="sun.management.compiler" value="HotSpot Tiered Compilers"/>
    <property name="os.version" value="3.0.0-14-generic"/>
    <property name="user.home" value="/home/development"/>
    <property name="user.timezone" value="Europe/Madrid"/>
    <property name="java.awt.printerjob" value="sun.print.PSPrinterJob"/>
    <property name="java.specification.version" value="1.6"/>
    <property name="file.encoding" value="UTF-8"/>
    <property name="user.name" value="development"/>
    <property name="java.class.path" value="/proyectos/lab/java/forge/navigation/target/test-classes:/proyectos/lab/java/forge/navigation/target/classes:/home/development/.m2/repository/javax/enterprise/cdi-api/1.0-SP4/cdi-api-1.0-SP4.jar:/home/development/.m2/repository/org/jboss/spec/javax/interceptor/jboss-interceptors-api_1.1_spec/1.0.0.Final/jboss-interceptors-api_1.1_spec-1.0.0.Final.jar:/home/development/.m2/repository/javax/inject/javax.inject/1/javax.inject-1.jar:/home/development/.m2/repository/org/jboss/spec/javax/annotation/jboss-annotations-api_1.1_spec/1.0.0.Final/jboss-annotations-api_1.1_spec-1.0.0.Final.jar:/home/development/.m2/repository/org/jboss/forge/forge-shell-api/1.0.0.Beta5/forge-shell-api-1.0.0.Beta5.jar:/home/development/.m2/repository/org/jboss/forge/forge-parser-java-api/1.0.0.Beta5/forge-parser-java-api-1.0.0.Beta5.jar:/home/development/.m2/repository/org/jboss/forge/forge-parser-xml/1.0.0.Beta5/forge-parser-xml-1.0.0.Beta5.jar:/home/development/.m2/repository/org/jboss/forge/forge-event-bus/1.0.0.Beta5/forge-event-bus-1.0.0.Beta5.jar:/home/development/.m2/repository/org/jboss/solder/solder-impl/3.1.0.Beta5/solder-impl-3.1.0.Beta5.jar:/home/development/.m2/repository/org/jboss/solder/solder-api/3.1.0.Beta5/solder-api-3.1.0.Beta5.jar:/home/development/.m2/repository/org/jboss/solder/solder-logging/3.1.0.Beta5/solder-logging-3.1.0.Beta5.jar:/home/development/.m2/repository/org/jboss/forge/forge-test-harness/1.0.0.Beta5/forge-test-harness-1.0.0.Beta5.jar:/home/development/.m2/repository/junit/junit/4.8.1/junit-4.8.1.jar:/home/development/.m2/repository/org/jboss/arquillian/arquillian-junit/1.0.0.Alpha4/arquillian-junit-1.0.0.Alpha4.jar:/home/development/.m2/repository/org/jboss/arquillian/arquillian-impl-base/1.0.0.Alpha4/arquillian-impl-base-1.0.0.Alpha4.jar:/home/development/.m2/repository/org/jboss/arquillian/arquillian-api/1.0.0.Alpha4/arquillian-api-1.0.0.Alpha4.jar:/home/development/.m2/repository/org/jboss/shrinkwrap/shrinkwrap-impl-base/1.0.0-alpha-11/shrinkwrap-impl-base-1.0.0-alpha-11.jar:/home/development/.m2/repository/org/jboss/shrinkwrap/shrinkwrap-spi/1.0.0-alpha-11/shrinkwrap-spi-1.0.0-alpha-11.jar:/home/development/.m2/repository/org/jboss/spec/javax/resource/jboss-connector-api_1.5_spec/1.0.0.Final/jboss-connector-api_1.5_spec-1.0.0.Final.jar:/home/development/.m2/repository/org/jboss/spec/javax/ejb/jboss-ejb-api_3.1_spec/1.0.1.Final/jboss-ejb-api_3.1_spec-1.0.1.Final.jar:/home/development/.m2/repository/org/jboss/spec/javax/el/jboss-el-api_2.2_spec/1.0.0.Final/jboss-el-api_2.2_spec-1.0.0.Final.jar:/home/development/.m2/repository/org/jboss/spec/javax/security/jacc/jboss-jacc-api_1.4_spec/1.0.0.Final/jboss-jacc-api_1.4_spec-1.0.0.Final.jar:/home/development/.m2/repository/org/jboss/spec/javax/enterprise/deploy/jboss-jad-api_1.2_spec/1.0.0.Final/jboss-jad-api_1.2_spec-1.0.0.Final.jar:/home/development/.m2/repository/org/jboss/spec/javax/security/auth/message/jboss-jaspi-api_1.0_spec/1.0.0.Final/jboss-jaspi-api_1.0_spec-1.0.0.Final.jar:/home/development/.m2/repository/org/jboss/spec/javax/xml/registry/jboss-jaxr-api_1.0_spec/1.0.0.Final/jboss-jaxr-api_1.0_spec-1.0.0.Final.jar:/home/development/.m2/repository/org/jboss/spec/javax/jms/jboss-jms-api_1.1_spec/1.0.0.Final/jboss-jms-api_1.1_spec-1.0.0.Final.jar:/home/development/.m2/repository/org/jboss/spec/javax/servlet/jsp/jboss-jsp-api_2.2_spec/1.0.0.Final/jboss-jsp-api_2.2_spec-1.0.0.Final.jar:/home/development/.m2/repository/org/jboss/spec/javax/servlet/jboss-servlet-api_3.0_spec/1.0.0.Final/jboss-servlet-api_3.0_spec-1.0.0.Final.jar:/home/development/.m2/repository/org/jboss/spec/javax/transaction/jboss-transaction-api_1.1_spec/1.0.0.Final/jboss-transaction-api_1.1_spec-1.0.0.Final.jar:/home/development/.m2/repository/org/jboss/spec/javax/xml/bind/jboss-jaxb-api_2.2_spec/1.0.2.Final/jboss-jaxb-api_2.2_spec-1.0.2.Final.jar:/home/development/.m2/repository/org/jboss/spec/javax/xml/rpc/jboss-jaxrpc-api_1.1_spec/1.0.0.Final/jboss-jaxrpc-api_1.1_spec-1.0.0.Final.jar:/home/development/.m2/repository/org/jboss/spec/javax/xml/soap/jboss-saaj-api_1.3_spec/1.0.1.Final/jboss-saaj-api_1.3_spec-1.0.1.Final.jar:/home/development/.m2/repository/org/jboss/spec/javax/xml/ws/jboss-jaxws-api_2.2_spec/2.0.0.Final/jboss-jaxws-api_2.2_spec-2.0.0.Final.jar:/home/development/.m2/repository/javax/activation/activation/1.1/activation-1.1.jar:/home/development/.m2/repository/com/sun/faces/jsf-api/2.0.3-b05/jsf-api-2.0.3-b05.jar:/home/development/.m2/repository/javax/jws/jsr181-api/1.0-MR1/jsr181-api-1.0-MR1.jar:/home/development/.m2/repository/javax/mail/mail/1.4.4/mail-1.4.4.jar:/home/development/.m2/repository/javax/servlet/jstl/1.2/jstl-1.2.jar:/home/development/.m2/repository/org/hibernate/javax/persistence/hibernate-jpa-2.0-api/1.0.1.Final/hibernate-jpa-2.0-api-1.0.1.Final.jar:/home/development/.m2/repository/org/jboss/resteasy/jaxrs-api/2.1.0.GA/jaxrs-api-2.1.0.GA.jar:/home/development/.m2/repository/stax/stax-api/1.0.1/stax-api-1.0.1.jar:/home/development/.m2/repository/javax/validation/validation-api/1.0.0.GA/validation-api-1.0.0.GA.jar:/home/development/.m2/repository/org/jboss/shrinkwrap/shrinkwrap-api/1.0.0-alpha-11/shrinkwrap-api-1.0.0-alpha-11.jar:/home/development/.m2/repository/javax/el/el-api/2.2/el-api-2.2.jar:/home/development/.m2/repository/org/jboss/weld/arquillian/container/arquillian-weld-ee-embedded-1.1/1.1.2.Final/arquillian-weld-ee-embedded-1.1-1.1.2.Final.jar:/home/development/.m2/repository/org/jboss/arquillian/arquillian-spi/1.0.0.Alpha4/arquillian-spi-1.0.0.Alpha4.jar:/home/development/.m2/repository/org/jboss/arquillian/protocol/arquillian-protocol-local/1.0.0.Alpha4/arquillian-protocol-local-1.0.0.Alpha4.jar:/home/development/.m2/repository/org/jboss/arquillian/testenricher/arquillian-testenricher-cdi/1.0.0.Alpha4/arquillian-testenricher-cdi-1.0.0.Alpha4.jar:/home/development/.m2/repository/org/jboss/shrinkwrap/shrinkwrap-extension-classloader/1.0.0-alpha-11/shrinkwrap-extension-classloader-1.0.0-alpha-11.jar:/home/development/.m2/repository/org/jboss/weld/weld-api/1.1.Beta2/weld-api-1.1.Beta2.jar:/home/development/.m2/repository/org/slf4j/slf4j-api/1.5.10/slf4j-api-1.5.10.jar:/home/development/.m2/repository/org/slf4j/slf4j-log4j12/1.5.10/slf4j-log4j12-1.5.10.jar:/home/development/.m2/repository/log4j/log4j/1.2.16/log4j-1.2.16.jar:/home/development/.m2/repository/ch/qos/cal10n/cal10n-api/0.7.2/cal10n-api-0.7.2.jar:/home/development/.m2/repository/org/jboss/forge/forge-shell/1.0.0.Beta5/forge-shell-1.0.0.Beta5.jar:/home/development/.m2/repository/org/jboss/forge/forge-project-model-maven/1.0.0.Beta5/forge-project-model-maven-1.0.0.Beta5.jar:/home/development/.m2/repository/org/jboss/forge/forge-maven-api/1.0.0.Beta5/forge-maven-api-1.0.0.Beta5.jar:/home/development/.m2/repository/org/apache/maven/maven-core/3.0.3/maven-core-3.0.3.jar:/home/development/.m2/repository/org/apache/maven/maven-settings-builder/3.0.3/maven-settings-builder-3.0.3.jar:/home/development/.m2/repository/org/apache/maven/maven-model/3.0.3/maven-model-3.0.3.jar:/home/development/.m2/repository/org/apache/maven/maven-embedder/3.0.3/maven-embedder-3.0.3.jar:/home/development/.m2/repository/org/apache/maven/maven-settings/3.0.3/maven-settings-3.0.3.jar:/home/development/.m2/repository/org/apache/maven/maven-plugin-api/3.0.3/maven-plugin-api-3.0.3.jar:/home/development/.m2/repository/org/apache/maven/maven-model-builder/3.0.3/maven-model-builder-3.0.3.jar:/home/development/.m2/repository/org/codehaus/plexus/plexus-utils/2.0.6/plexus-utils-2.0.6.jar:/home/development/.m2/repository/org/codehaus/plexus/plexus-classworlds/2.4/plexus-classworlds-2.4.jar:/home/development/.m2/repository/org/sonatype/sisu/sisu-inject-plexus/2.1.1/sisu-inject-plexus-2.1.1.jar:/home/development/.m2/repository/org/sonatype/sisu/sisu-inject-bean/2.1.1/sisu-inject-bean-2.1.1.jar:/home/development/.m2/repository/org/sonatype/sisu/sisu-guice/2.9.4/sisu-guice-2.9.4-no_aop.jar:/home/development/.m2/repository/org/codehaus/plexus/plexus-component-annotations/1.5.5/plexus-component-annotations-1.5.5.jar:/home/development/.m2/repository/org/sonatype/plexus/plexus-sec-dispatcher/1.3/plexus-sec-dispatcher-1.3.jar:/home/development/.m2/repository/org/sonatype/plexus/plexus-cipher/1.4/plexus-cipher-1.4.jar:/home/development/.m2/repository/commons-cli/commons-cli/1.2/commons-cli-1.2.jar:/home/development/.m2/repository/org/apache/maven/maven-compat/3.0.3/maven-compat-3.0.3.jar:/home/development/.m2/repository/org/apache/maven/maven-artifact/3.0.3/maven-artifact-3.0.3.jar:/home/development/.m2/repository/org/codehaus/plexus/plexus-interpolation/1.14/plexus-interpolation-1.14.jar:/home/development/.m2/repository/org/apache/maven/wagon/wagon-provider-api/1.0-beta-7/wagon-provider-api-1.0-beta-7.jar:/home/development/.m2/repository/org/apache/maven/maven-aether-provider/3.0.3/maven-aether-provider-3.0.3.jar:/home/development/.m2/repository/org/apache/maven/maven-repository-metadata/3.0.3/maven-repository-metadata-3.0.3.jar:/home/development/.m2/repository/org/sonatype/aether/aether-spi/1.11/aether-spi-1.11.jar:/home/development/.m2/repository/org/sonatype/aether/aether-api/1.11/aether-api-1.11.jar:/home/development/.m2/repository/org/sonatype/aether/aether-util/1.11/aether-util-1.11.jar:/home/development/.m2/repository/org/sonatype/aether/aether-impl/1.11/aether-impl-1.11.jar:/home/development/.m2/repository/org/sonatype/aether/aether-connector-wagon/1.11/aether-connector-wagon-1.11.jar:/home/development/.m2/repository/org/apache/maven/wagon/wagon-file/2.0/wagon-file-2.0.jar:/home/development/.m2/repository/org/apache/maven/wagon/wagon-http-lightweight/2.0/wagon-http-lightweight-2.0.jar:/home/development/.m2/repository/org/apache/maven/wagon/wagon-http-shared4/2.0/wagon-http-shared4-2.0.jar:/home/development/.m2/repository/org/jsoup/jsoup/1.6.1/jsoup-1.6.1.jar:/home/development/.m2/repository/commons-io/commons-io/2.0.1/commons-io-2.0.1.jar:/home/development/.m2/repository/org/jboss/forge/forge-parser-java/1.0.0.Beta5/forge-parser-java-1.0.0.Beta5.jar:/home/development/.m2/repository/org/eclipse/jdt/core/3.3.0-v_771/core-3.3.0-v_771.jar:/home/development/.m2/repository/org/eclipse/core/resources/3.3.0-v20070604/resources-3.3.0-v20070604.jar:/home/development/.m2/repository/org/eclipse/core/runtime/3.3.100-v20070530/runtime-3.3.100-v20070530.jar:/home/development/.m2/repository/org/eclipse/osgi/3.4.3.R34x_v20081215-1030/osgi-3.4.3.R34x_v20081215-1030.jar:/home/development/.m2/repository/org/eclipse/equinox/common/3.3.0-v20070426/common-3.3.0-v20070426.jar:/home/development/.m2/repository/org/eclipse/core/jobs/3.3.0-v20070423/jobs-3.3.0-v20070423.jar:/home/development/.m2/repository/org/eclipse/equinox/preferences/3.2.100-v20070522/preferences-3.2.100-v20070522.jar:/home/development/.m2/repository/org/eclipse/core/contenttype/3.2.100-v20070319/contenttype-3.2.100-v20070319.jar:/home/development/.m2/repository/org/eclipse/text/3.3.0-v20070606-0010/text-3.3.0-v20070606-0010.jar:/home/development/.m2/repository/org/jboss/forge/forge-git-tools/1.0.0.Beta5/forge-git-tools-1.0.0.Beta5.jar:/home/development/.m2/repository/org/eclipse/jgit/org.eclipse.jgit.pgm/0.10.1/org.eclipse.jgit.pgm-0.10.1.jar:/home/development/.m2/repository/args4j/args4j/2.0.12/args4j-2.0.12.jar:/home/development/.m2/repository/org/eclipse/jgit/org.eclipse.jgit/0.10.1/org.eclipse.jgit-0.10.1.jar:/home/development/.m2/repository/com/jcraft/jsch/0.1.41/jsch-0.1.41.jar:/home/development/.m2/repository/org/eclipse/jgit/org.eclipse.jgit.iplog/0.10.1/org.eclipse.jgit.iplog-0.10.1.jar:/home/development/.m2/repository/org/eclipse/jgit/org.eclipse.jgit.ui/0.10.1/org.eclipse.jgit.ui-0.10.1.jar:/home/development/.m2/repository/org/eclipse/jgit/org.eclipse.jgit.console/0.10.1/org.eclipse.jgit.console-0.10.1.jar:/home/development/.m2/repository/org/jboss/modules/jboss-modules/1.0.2.GA/jboss-modules-1.0.2.GA.jar:/home/development/.m2/repository/org/jboss/weld/se/weld-se-core/1.1.2.Final/weld-se-core-1.1.2.Final.jar:/home/development/.m2/repository/org/jboss/weld/weld-spi/1.1.Beta2/weld-spi-1.1.Beta2.jar:/home/development/.m2/repository/javax/annotation/jsr250-api/1.0/jsr250-api-1.0.jar:/home/development/.m2/repository/org/jboss/weld/weld-core/1.1.2.Final/weld-core-1.1.2.Final.jar:/home/development/.m2/repository/org/javassist/javassist/3.14.0-GA/javassist-3.14.0-GA.jar:/home/development/.m2/repository/com/google/guava/guava/r06/guava-r06.jar:/home/development/.m2/repository/org/jboss/interceptor/jboss-interceptor-spi/2.0.0.CR1/jboss-interceptor-spi-2.0.0.CR1.jar:/home/development/.m2/repository/org/jboss/interceptor/jboss-interceptor-core/2.0.0.CR1/jboss-interceptor-core-2.0.0.CR1.jar:/home/development/.m2/repository/org/slf4j/slf4j-ext/1.5.10/slf4j-ext-1.5.10.jar:/home/development/.m2/repository/org/jboss/logmanager/jboss-logmanager/1.2.0.GA/jboss-logmanager-1.2.0.GA.jar:/home/development/.m2/repository/org/sonatype/jline/jline/2.5/jline-2.5.jar:/home/development/.m2/repository/org/fusesource/jansi/jansi/1.5/jansi-1.5.jar:/home/development/.m2/repository/org/mvel/mvel2/2.1.Beta7/mvel2-2.1.Beta7.jar:/home/development/.m2/repository/commons-configuration/commons-configuration/1.7/commons-configuration-1.7.jar:/home/development/.m2/repository/commons-collections/commons-collections/3.2.1/commons-collections-3.2.1.jar:/home/development/.m2/repository/commons-lang/commons-lang/2.6/commons-lang-2.6.jar:/home/development/.m2/repository/commons-logging/commons-logging/1.1.1/commons-logging-1.1.1.jar:/home/development/.m2/repository/commons-digester/commons-digester/1.8.1/commons-digester-1.8.1.jar:/home/development/.m2/repository/commons-beanutils/commons-beanutils/1.8.3/commons-beanutils-1.8.3.jar:/home/development/.m2/repository/org/apache/httpcomponents/httpclient/4.0.1/httpclient-4.0.1.jar:/home/development/.m2/repository/org/apache/httpcomponents/httpcore/4.0.1/httpcore-4.0.1.jar:/home/development/.m2/repository/commons-codec/commons-codec/1.3/commons-codec-1.3.jar:/home/development/.m2/repository/org/yaml/snakeyaml/1.7/snakeyaml-1.7.jar:"/>
    <property name="java.vm.specification.version" value="1.0"/>
    <property name="sun.arch.data.model" value="32"/>
    <property name="java.home" value="/usr/lib/jvm/jdk1.6.0_29/jre"/>
    <property name="sun.java.command" value="/proyectos/lab/java/forge/navigation/target/surefire/surefirebooter5411471423906110695.jar /proyectos/lab/java/forge/navigation/target/surefire/surefire8258602391312072896tmp /proyectos/lab/java/forge/navigation/target/surefire/surefire3300974330693653381tmp"/>
    <property name="java.specification.vendor" value="Sun Microsystems Inc."/>
    <property name="user.language" value="en"/>
    <property name="java.vm.info" value="mixed mode"/>
    <property name="java.version" value="1.6.0_29"/>
    <property name="java.ext.dirs" value="/usr/lib/jvm/jdk1.6.0_29/jre/lib/ext:/usr/java/packages/lib/ext"/>
    <property name="securerandom.source" value="file:/dev/./urandom"/>
    <property name="sun.boot.class.path" value="/usr/lib/jvm/jdk1.6.0_29/jre/lib/resources.jar:/usr/lib/jvm/jdk1.6.0_29/jre/lib/rt.jar:/usr/lib/jvm/jdk1.6.0_29/jre/lib/sunrsasign.jar:/usr/lib/jvm/jdk1.6.0_29/jre/lib/jsse.jar:/usr/lib/jvm/jdk1.6.0_29/jre/lib/jce.jar:/usr/lib/jvm/jdk1.6.0_29/jre/lib/charsets.jar:/usr/lib/jvm/jdk1.6.0_29/jre/lib/modules/jdk.boot.jar:/usr/lib/jvm/jdk1.6.0_29/jre/classes"/>
    <property name="java.vendor" value="Sun Microsystems Inc."/>
    <property name="localRepository" value="/home/development/.m2/repository"/>
    <property name="file.separator" value="/"/>
    <property name="java.vendor.url.bug" value="http://java.sun.com/cgi-bin/bugreport.cgi"/>
    <property name="sun.cpu.endian" value="little"/>
    <property name="sun.io.unicode.encoding" value="UnicodeLittle"/>
    <property name="forge.debug.no_auto_init_streams" value="true"/>
    <property name="sun.desktop" value="gnome"/>
    <property name="sun.cpu.isalist" value=""/>
  </properties>
  <testcase time="4.055" classname="org.kumakros.forge.plugin.navigation.MarkTest" name="testAddGlobalMark"/>
  <testcase time="0.357" classname="org.kumakros.forge.plugin.navigation.MarkTest" name="testAddProjectMark"/>
  <testcase time="0.359" classname="org.kumakros.forge.plugin.navigation.MarkTest" name="testAddGlobalOverwriteMark"/>
  <testcase time="0.161" classname="org.kumakros.forge.plugin.navigation.MarkTest" name="testAddGlobalNonOverwriteMark"/>
  <testcase time="0.19" classname="org.kumakros.forge.plugin.navigation.MarkTest" name="testAddProjectOverwriteMark"/>
  <testcase time="0.426" classname="org.kumakros.forge.plugin.navigation.MarkTest" name="testAddProjectNonOverwriteMark"/>
  <testcase time="0.426" classname="org.kumakros.forge.plugin.navigation.MarkTest" name="testProjectOutside"/>
  <testcase time="0.229" classname="org.kumakros.forge.plugin.navigation.MarkTest" name="testList"/>
</testsuite>